app/build/outputs/logs/manifest-merger-debug-report.txt
-- Merging decision tree log ---
manifest
ADDED from src\main\AndroidManifest.xml:2:1-59:12
INJECTED from src\main\AndroidManifest.xml:2:1-59:12
INJECTED from src\main\AndroidManifest.xml:2:1-59:12
INJECTED from src\main\AndroidManifest.xml:2:1-59:12
MERGED from [com.google.firebase:firebase-core:12.0.0] AndroidManifest.xml:2:1-6:12
MERGED from [com.android.support:design:27.0.2] AndroidManifest.xml:17:1-22:12
MERGED from [com.facebook.android:facebook-android-sdk:4.42.0] AndroidManifest.xml:21:1-31:12
MERGED from [com.facebook.android:facebook-login:4.42.0] AndroidManifest.xml:21:1-31:12
MERGED from [com.facebook.android:facebook-share:4.42.0] AndroidManifest.xml:21:1-31:12
MERGED from [com.facebook.android:facebook-common:4.42.0] AndroidManifest.xml:21:1-37:12
MERGED from [com.android.support:appcompat-v7:27.0.2] AndroidManifest.xml:17:1-22:12
MERGED from [com.twitter.sdk.android:twitter:3.1.1] AndroidManifest.xml:18:1-27:12
MERGED from [com.twitter.sdk.android:tweet-ui:3.1.1] AndroidManifest.xml:18:1-37:12
MERGED from [com.android.support:recyclerview-v7:27.0.2] AndroidManifest.xml:17:1-22:12
MERGED from [com.google.firebase:firebase-auth:12.0.0] AndroidManifest.xml:17:1-32:12
MERGED from [com.google.firebase:firebase-storage:12.0.0] AndroidManifest.xml:2:1-8:12
MERGED from [com.google.firebase:firebase-firestore:12.0.0] AndroidManifest.xml:2:1-8:12
MERGED from [com.google.android.gms:play-services-auth:12.0.0] AndroidManifest.xml:17:1-39:12
MERGED from [com.google.firebase:firebase-messaging:12.0.0] AndroidManifest.xml:17:1-37:12
MERGED from [com.twitter.sdk.android:tweet-composer:3.1.1] AndroidManifest.xml:18:1-39:12
MERGED from [com.twitter.sdk.android:twitter-core:3.1.1] AndroidManifest.xml:18:1-35:12
MERGED from [com.android.support.constraint:constraint-layout:1.1.0] AndroidManifest.xml:2:1-11:12
MERGED from [com.google.firebase:firebase-analytics:12.0.0] AndroidManifest.xml:17:1-54:12
MERGED from [com.google.android.gms:play-services-auth-api-phone:12.0.0] AndroidManifest.xml:2:1-7:12
MERGED from [com.google.android.gms:play-services-auth-base:12.0.0] AndroidManifest.xml:2:1-7:12
MERGED from [com.google.android.gms:play-services-base:12.0.0] AndroidManifest.xml:17:1-29:12
MERGED from [com.google.firebase:firebase-analytics-impl:12.0.0] AndroidManifest.xml:17:1-40:12
MERGED from [com.google.firebase:firebase-iid:12.0.0] AndroidManifest.xml:17:1-59:12
MERGED from [com.google.firebase:firebase-common:12.0.0] AndroidManifest.xml:2:1-15:12
MERGED from [com.google.android.gms:play-services-tasks:12.0.0] AndroidManifest.xml:2:1-9:12
MERGED from [com.google.firebase:firebase-storage-common:12.0.0] AndroidManifest.xml:2:1-8:12
MERGED from [com.google.android.gms:play-services-basement:12.0.0] AndroidManifest.xml:17:1-28:12
MERGED from [com.android.support:support-v4:27.0.2] AndroidManifest.xml:17:1-22:12
MERGED from [com.android.support:support-fragment:27.0.2] AndroidManifest.xml:17:1-22:12
MERGED from [com.facebook.android:facebook-places:4.42.0] AndroidManifest.xml:21:1-31:12
MERGED from [com.facebook.android:facebook-applinks:4.42.0] AndroidManifest.xml:21:1-31:12
MERGED from [com.facebook.android:facebook-messenger:4.42.0] AndroidManifest.xml:21:1-31:12
MERGED from [com.facebook.android:facebook-core:4.42.0] AndroidManifest.xml:21:1-53:12
MERGED from [com.android.support:support-core-utils:27.0.2] AndroidManifest.xml:17:1-22:12
MERGED from [com.android.support:animated-vector-drawable:27.0.2] AndroidManifest.xml:17:1-22:12
MERGED from [com.android.support:support-vector-drawable:27.0.2] AndroidManifest.xml:17:1-22:12
MERGED from [com.android.support:transition:27.0.2] AndroidManifest.xml:17:1-22:12
MERGED from [com.android.support:support-core-ui:27.0.2] AndroidManifest.xml:17:1-22:12
MERGED from [com.android.support:customtabs:27.0.2] AndroidManifest.xml:17:1-22:12
MERGED from [com.android.support:support-media-compat:27.0.2] AndroidManifest.xml:17:1-22:12
MERGED from [com.android.support:support-compat:27.0.2] AndroidManifest.xml:17:1-22:12
MERGED from [com.android.support:cardview-v7:27.0.2] AndroidManifest.xml:17:1-22:12
MERGED from [com.google.firebase:firebase-auth-license:12.0.0] AndroidManifest.xml:2:1-8:12
MERGED from [com.google.firebase:firebase-storage-license:12.0.0] AndroidManifest.xml:2:1-8:12
MERGED from [com.google.firebase:firebase-messaging-license:12.0.0] AndroidManifest.xml:2:1-8:12
MERGED from [com.google.firebase:firebase-analytics-license:12.0.0] AndroidManifest.xml:2:1-8:12
MERGED from [android.arch.lifecycle:runtime:1.0.3] AndroidManifest.xml:17:1-24:12
MERGED from [com.google.android.gms:play-services-base-license:12.0.0] AndroidManifest.xml:2:1-8:12
MERGED from [com.google.android.gms:play-services-basement-license:12.0.0] AndroidManifest.xml:2:1-8:12
MERGED from [com.google.firebase:firebase-common-license:12.0.0] AndroidManifest.xml:2:1-8:12
MERGED from [com.google.android.gms:play-services-tasks-license:12.0.0] AndroidManifest.xml:2:1-8:12
MERGED from [com.google.firebase:firebase-storage-common-license:12.0.0] AndroidManifest.xml:2:1-8:12
MERGED from [com.google.android.gms:play-services-auth-api-phone-license:12.0.0] AndroidManifest.xml:2:1-8:12
MERGED from [com.google.android.gms:play-services-auth-base-license:12.0.0] AndroidManifest.xml:2:1-8:12
MERGED from [com.google.firebase:firebase-iid-license:12.0.0] AndroidManifest.xml:2:1-8:12
MERGED from [com.google.firebase:firebase-analytics-impl-license:12.0.0] AndroidManifest.xml:2:1-8:12
INJECTED from src\main\AndroidManifest.xml:2:1-59:12
INJECTED from src\main\AndroidManifest.xml:2:1-59:12
INJECTED from src\main\AndroidManifest.xml:2:1-59:12
	package
		ADDED from src\main\AndroidManifest.xml:3:5-32
		INJECTED from src\main\AndroidManifest.xml
		INJECTED from src\main\AndroidManifest.xml
	android:versionName
		INJECTED from src\main\AndroidManifest.xml
		ADDED from src\main\AndroidManifest.xml:2:1-59:12
		INJECTED from src\main\AndroidManifest.xml
	android:versionCode
		INJECTED from src\main\AndroidManifest.xml
		ADDED from src\main\AndroidManifest.xml:2:1-59:12
		INJECTED from src\main\AndroidManifest.xml
	xmlns:android
		ADDED from src\main\AndroidManifest.xml:2:11-69
uses-permission#android.permission.INTERNET
ADDED from src\main\AndroidManifest.xml:5:5-67
MERGED from [com.twitter.sdk.android:tweet-ui:3.1.1] AndroidManifest.xml:25:5-67
MERGED from [com.twitter.sdk.android:tweet-ui:3.1.1] AndroidManifest.xml:25:5-67
MERGED from [com.twitter.sdk.android:tweet-composer:3.1.1] AndroidManifest.xml:25:5-67
MERGED from [com.twitter.sdk.android:tweet-composer:3.1.1] AndroidManifest.xml:25:5-67
MERGED from [com.twitter.sdk.android:twitter-core:3.1.1] AndroidManifest.xml:25:5-67
MERGED from [com.twitter.sdk.android:twitter-core:3.1.1] AndroidManifest.xml:25:5-67
MERGED from [com.google.firebase:firebase-analytics:12.0.0] AndroidManifest.xml:23:5-67
MERGED from [com.google.firebase:firebase-analytics:12.0.0] AndroidManifest.xml:23:5-67
MERGED from [com.google.firebase:firebase-analytics-impl:12.0.0] AndroidManifest.xml:23:5-67
MERGED from [com.google.firebase:firebase-analytics-impl:12.0.0] AndroidManifest.xml:23:5-67
MERGED from [com.google.firebase:firebase-iid:12.0.0] AndroidManifest.xml:23:5-67
MERGED from [com.google.firebase:firebase-iid:12.0.0] AndroidManifest.xml:23:5-67
	android:name
		ADDED from src\main\AndroidManifest.xml:5:22-64
uses-permission#android.permission.READ_EXTERNAL_STORAGE
ADDED from src\main\AndroidManifest.xml:7:5-80
	android:name
		ADDED from src\main\AndroidManifest.xml:7:22-77
application
ADDED from src\main\AndroidManifest.xml:9:5-58:19
MERGED from [com.google.firebase:firebase-core:12.0.0] AndroidManifest.xml:5:5-20
MERGED from [com.google.firebase:firebase-core:12.0.0] AndroidManifest.xml:5:5-20
MERGED from [com.facebook.android:facebook-android-sdk:4.42.0] AndroidManifest.xml:28:5-29:19
MERGED from [com.facebook.android:facebook-android-sdk:4.42.0] AndroidManifest.xml:28:5-29:19
MERGED from [com.facebook.android:facebook-login:4.42.0] AndroidManifest.xml:28:5-29:19
MERGED from [com.facebook.android:facebook-login:4.42.0] AndroidManifest.xml:28:5-29:19
MERGED from [com.facebook.android:facebook-share:4.42.0] AndroidManifest.xml:28:5-29:19
MERGED from [com.facebook.android:facebook-share:4.42.0] AndroidManifest.xml:28:5-29:19
MERGED from [com.facebook.android:facebook-common:4.42.0] AndroidManifest.xml:28:5-35:19
MERGED from [com.facebook.android:facebook-common:4.42.0] AndroidManifest.xml:28:5-35:19
MERGED from [com.twitter.sdk.android:twitter:3.1.1] AndroidManifest.xml:25:5-20
MERGED from [com.twitter.sdk.android:twitter:3.1.1] AndroidManifest.xml:25:5-20
MERGED from [com.twitter.sdk.android:tweet-ui:3.1.1] AndroidManifest.xml:27:5-35:19
MERGED from [com.twitter.sdk.android:tweet-ui:3.1.1] AndroidManifest.xml:27:5-35:19
MERGED from [com.google.firebase:firebase-auth:12.0.0] AndroidManifest.xml:22:5-30:19
MERGED from [com.google.firebase:firebase-auth:12.0.0] AndroidManifest.xml:22:5-30:19
MERGED from [com.google.android.gms:play-services-auth:12.0.0] AndroidManifest.xml:22:5-37:19
MERGED from [com.google.android.gms:play-services-auth:12.0.0] AndroidManifest.xml:22:5-37:19
MERGED from [com.google.firebase:firebase-messaging:12.0.0] AndroidManifest.xml:22:5-35:19
MERGED from [com.google.firebase:firebase-messaging:12.0.0] AndroidManifest.xml:22:5-35:19
MERGED from [com.twitter.sdk.android:tweet-composer:3.1.1] AndroidManifest.xml:27:5-37:19
MERGED from [com.twitter.sdk.android:tweet-composer:3.1.1] AndroidManifest.xml:27:5-37:19
MERGED from [com.twitter.sdk.android:twitter-core:3.1.1] AndroidManifest.xml:27:5-33:19
MERGED from [com.twitter.sdk.android:twitter-core:3.1.1] AndroidManifest.xml:27:5-33:19
MERGED from [com.android.support.constraint:constraint-layout:1.1.0] AndroidManifest.xml:9:5-20
MERGED from [com.android.support.constraint:constraint-layout:1.1.0] AndroidManifest.xml:9:5-20
MERGED from [com.google.firebase:firebase-analytics:12.0.0] AndroidManifest.xml:27:5-52:19
MERGED from [com.google.firebase:firebase-analytics:12.0.0] AndroidManifest.xml:27:5-52:19
MERGED from [com.google.android.gms:play-services-base:12.0.0] AndroidManifest.xml:22:5-27:19
MERGED from [com.google.android.gms:play-services-base:12.0.0] AndroidManifest.xml:22:5-27:19
MERGED from [com.google.firebase:firebase-analytics-impl:12.0.0] AndroidManifest.xml:27:5-38:19
MERGED from [com.google.firebase:firebase-analytics-impl:12.0.0] AndroidManifest.xml:27:5-38:19
MERGED from [com.google.firebase:firebase-iid:12.0.0] AndroidManifest.xml:34:5-57:19
MERGED from [com.google.firebase:firebase-iid:12.0.0] AndroidManifest.xml:34:5-57:19
MERGED from [com.google.firebase:firebase-common:12.0.0] AndroidManifest.xml:7:5-13:19
MERGED from [com.google.firebase:firebase-common:12.0.0] AndroidManifest.xml:7:5-13:19
MERGED from [com.google.android.gms:play-services-tasks:12.0.0] AndroidManifest.xml:7:5-20
MERGED from [com.google.android.gms:play-services-tasks:12.0.0] AndroidManifest.xml:7:5-20
MERGED from [com.google.android.gms:play-services-basement:12.0.0] AndroidManifest.xml:22:5-26:19
MERGED from [com.google.android.gms:play-services-basement:12.0.0] AndroidManifest.xml:22:5-26:19
MERGED from [com.facebook.android:facebook-places:4.42.0] AndroidManifest.xml:28:5-29:19
MERGED from [com.facebook.android:facebook-places:4.42.0] AndroidManifest.xml:28:5-29:19
MERGED from [com.facebook.android:facebook-applinks:4.42.0] AndroidManifest.xml:28:5-29:19
MERGED from [com.facebook.android:facebook-applinks:4.42.0] AndroidManifest.xml:28:5-29:19
MERGED from [com.facebook.android:facebook-messenger:4.42.0] AndroidManifest.xml:28:5-29:19
MERGED from [com.facebook.android:facebook-messenger:4.42.0] AndroidManifest.xml:28:5-29:19
MERGED from [com.facebook.android:facebook-core:4.42.0] AndroidManifest.xml:28:5-51:19
MERGED from [com.facebook.android:facebook-core:4.42.0] AndroidManifest.xml:28:5-51:19
MERGED from [com.google.firebase:firebase-auth-license:12.0.0] AndroidManifest.xml:5:5-6:19
MERGED from [com.google.firebase:firebase-auth-license:12.0.0] AndroidManifest.xml:5:5-6:19
MERGED from [com.google.firebase:firebase-storage-license:12.0.0] AndroidManifest.xml:5:5-6:19
MERGED from [com.google.firebase:firebase-storage-license:12.0.0] AndroidManifest.xml:5:5-6:19
MERGED from [com.google.firebase:firebase-messaging-license:12.0.0] AndroidManifest.xml:5:5-6:19
MERGED from [com.google.firebase:firebase-messaging-license:12.0.0] AndroidManifest.xml:5:5-6:19
MERGED from [com.google.firebase:firebase-analytics-license:12.0.0] AndroidManifest.xml:5:5-6:19
MERGED from [com.google.firebase:firebase-analytics-license:12.0.0] AndroidManifest.xml:5:5-6:19
MERGED from [com.google.android.gms:play-services-base-license:12.0.0] AndroidManifest.xml:5:5-6:19
MERGED from [com.google.android.gms:play-services-base-license:12.0.0] AndroidManifest.xml:5:5-6:19
MERGED from [com.google.android.gms:play-services-basement-license:12.0.0] AndroidManifest.xml:5:5-6:19
MERGED from [com.google.android.gms:play-services-basement-license:12.0.0] AndroidManifest.xml:5:5-6:19
MERGED from [com.google.firebase:firebase-common-license:12.0.0] AndroidManifest.xml:5:5-6:19
MERGED from [com.google.firebase:firebase-common-license:12.0.0] AndroidManifest.xml:5:5-6:19
MERGED from [com.google.android.gms:play-services-tasks-license:12.0.0] AndroidManifest.xml:5:5-6:19
MERGED from [com.google.android.gms:play-services-tasks-license:12.0.0] AndroidManifest.xml:5:5-6:19
MERGED from [com.google.firebase:firebase-storage-common-license:12.0.0] AndroidManifest.xml:5:5-6:19
MERGED from [com.google.firebase:firebase-storage-common-license:12.0.0] AndroidManifest.xml:5:5-6:19
MERGED from [com.google.android.gms:play-services-auth-api-phone-license:12.0.0] AndroidManifest.xml:5:5-6:19
MERGED from [com.google.android.gms:play-services-auth-api-phone-license:12.0.0] AndroidManifest.xml:5:5-6:19
MERGED from [com.google.android.gms:play-services-auth-base-license:12.0.0] AndroidManifest.xml:5:5-6:19
MERGED from [com.google.android.gms:play-services-auth-base-license:12.0.0] AndroidManifest.xml:5:5-6:19
MERGED from [com.google.firebase:firebase-iid-license:12.0.0] AndroidManifest.xml:5:5-6:19
MERGED from [com.google.firebase:firebase-iid-license:12.0.0] AndroidManifest.xml:5:5-6:19
MERGED from [com.google.firebase:firebase-analytics-impl-license:12.0.0] AndroidManifest.xml:5:5-6:19
MERGED from [com.google.firebase:firebase-analytics-impl-license:12.0.0] AndroidManifest.xml:5:5-6:19
	android:supportsRtl
		ADDED from src\main\AndroidManifest.xml:14:9-35
	android:label
		ADDED from src\main\AndroidManifest.xml:12:9-41
	android:roundIcon
		ADDED from src\main\AndroidManifest.xml:13:9-48
	android:icon
		ADDED from src\main\AndroidManifest.xml:11:9-43
	android:allowBackup
		ADDED from src\main\AndroidManifest.xml:10:9-35
	android:theme
		ADDED from src\main\AndroidManifest.xml:15:9-40
activity#com.sunnqja.roemo.SplashActivity
ADDED from src\main\AndroidManifest.xml:16:9-23:20
	android:theme
		ADDED from src\main\AndroidManifest.xml:17:19-53
	android:name
		ADDED from src\main\AndroidManifest.xml:16:19-66
intent-filter#action:name:android.intent.action.MAIN+category:name:android.intent.category.LAUNCHER
ADDED from src\main\AndroidManifest.xml:18:13-22:29
action#android.intent.action.MAIN
ADDED from src\main\AndroidManifest.xml:19:17-69
	android:name
		ADDED from src\main\AndroidManifest.xml:19:25-66
category#android.intent.category.LAUNCHER
ADDED from src\main\AndroidManifest.xml:21:17-77
	android:name
		ADDED from src\main\AndroidManifest.xml:21:27-74
activity#com.sunnqja.roemo.LoginActivity
ADDED from src\main\AndroidManifest.xml:24:9-68
	android:name
		ADDED from src\main\AndroidManifest.xml:24:19-65
activity#com.sunnqja.roemo.MainActivity
ADDED from src\main\AndroidManifest.xml:25:9-67
	android:name
		ADDED from src\main\AndroidManifest.xml:25:19-64
meta-data#com.facebook.sdk.ApplicationId
ADDED from src\main\AndroidManifest.xml:27:9-29:55
	android:value
		ADDED from src\main\AndroidManifest.xml:29:13-52
	android:name
		ADDED from src\main\AndroidManifest.xml:28:13-58
activity#com.facebook.FacebookActivity
ADDED from src\main\AndroidManifest.xml:31:9-34:48
MERGED from [com.facebook.android:facebook-common:4.42.0] AndroidManifest.xml:29:9-32:66
MERGED from [com.facebook.android:facebook-common:4.42.0] AndroidManifest.xml:29:9-32:66
	android:label
		ADDED from src\main\AndroidManifest.xml:34:13-45
	android:configChanges
		ADDED from src\main\AndroidManifest.xml:33:13-96
	android:theme
		ADDED from [com.facebook.android:facebook-common:4.42.0] AndroidManifest.xml:32:13-63
	android:name
		ADDED from src\main\AndroidManifest.xml:32:13-57
activity#com.facebook.CustomTabActivity
ADDED from src\main\AndroidManifest.xml:35:9-46:20
MERGED from [com.facebook.android:facebook-common:4.42.0] AndroidManifest.xml:34:9-67
MERGED from [com.facebook.android:facebook-common:4.42.0] AndroidManifest.xml:34:9-67
	android:exported
		ADDED from src\main\AndroidManifest.xml:37:13-36
	android:name
		ADDED from src\main\AndroidManifest.xml:36:13-58
intent-filter#action:name:android.intent.action.VIEW+category:name:android.intent.category.BROWSABLE+category:name:android.intent.category.DEFAULT+data:scheme:@string/fb_login_protocol_scheme
ADDED from src\main\AndroidManifest.xml:38:13-45:29
action#android.intent.action.VIEW
ADDED from src\main\AndroidManifest.xml:39:17-69
	android:name
		ADDED from src\main\AndroidManifest.xml:39:25-66
category#android.intent.category.DEFAULT
ADDED from src\main\AndroidManifest.xml:41:17-76
	android:name
		ADDED from src\main\AndroidManifest.xml:41:27-73
category#android.intent.category.BROWSABLE
ADDED from src\main\AndroidManifest.xml:42:17-78
	android:name
		ADDED from src\main\AndroidManifest.xml:42:27-75
data
ADDED from src\main\AndroidManifest.xml:44:17-75
	android:scheme
		ADDED from src\main\AndroidManifest.xml:44:23-72
activity#com.sunnqja.roemo.navigation.AddPhotoActivity
ADDED from src\main\AndroidManifest.xml:47:9-82
	android:name
		ADDED from src\main\AndroidManifest.xml:47:19-79
activity#com.sunnqja.roemo.navigation.CommentActivity
ADDED from src\main\AndroidManifest.xml:48:9-90
	android:name
		ADDED from src\main\AndroidManifest.xml:48:19-78
meta-data#com.google.firebase.messaging.default_notification_icon
ADDED from src\main\AndroidManifest.xml:51:9-53:54
	android:resource
		ADDED from src\main\AndroidManifest.xml:53:13-51
	android:name
		ADDED from src\main\AndroidManifest.xml:52:13-83
meta-data#com.google.firebase.messaging.default_notification_color
ADDED from src\main\AndroidManifest.xml:54:9-56:53
	android:resource
		ADDED from src\main\AndroidManifest.xml:56:13-50
	android:name
		ADDED from src\main\AndroidManifest.xml:55:13-84
uses-sdk
INJECTED from src\main\AndroidManifest.xml reason: use-sdk injection requested
INJECTED from src\main\AndroidManifest.xml
INJECTED from src\main\AndroidManifest.xml
MERGED from [com.google.firebase:firebase-core:12.0.0] AndroidManifest.xml:4:5-43
MERGED from [com.google.firebase:firebase-core:12.0.0] AndroidManifest.xml:4:5-43
MERGED from [com.android.support:design:27.0.2] AndroidManifest.xml:20:5-44
MERGED from [com.android.support:design:27.0.2] AndroidManifest.xml:20:5-44
MERGED from [com.facebook.android:facebook-android-sdk:4.42.0] AndroidManifest.xml:24:5-26:41
MERGED from [com.facebook.android:facebook-android-sdk:4.42.0] AndroidManifest.xml:24:5-26:41
MERGED from [com.facebook.android:facebook-login:4.42.0] AndroidManifest.xml:24:5-26:41
MERGED from [com.facebook.android:facebook-login:4.42.0] AndroidManifest.xml:24:5-26:41
MERGED from [com.facebook.android:facebook-share:4.42.0] AndroidManifest.xml:24:5-26:41
MERGED from [com.facebook.android:facebook-share:4.42.0] AndroidManifest.xml:24:5-26:41
MERGED from [com.facebook.android:facebook-common:4.42.0] AndroidManifest.xml:24:5-26:41
MERGED from [com.facebook.android:facebook-common:4.42.0] AndroidManifest.xml:24:5-26:41
MERGED from [com.android.support:appcompat-v7:27.0.2] AndroidManifest.xml:20:5-44
MERGED from [com.android.support:appcompat-v7:27.0.2] AndroidManifest.xml:20:5-44
MERGED from [com.twitter.sdk.android:twitter:3.1.1] AndroidManifest.xml:23:5-44
MERGED from [com.twitter.sdk.android:twitter:3.1.1] AndroidManifest.xml:23:5-44
MERGED from [com.twitter.sdk.android:tweet-ui:3.1.1] AndroidManifest.xml:23:5-44
MERGED from [com.twitter.sdk.android:tweet-ui:3.1.1] AndroidManifest.xml:23:5-44
MERGED from [com.android.support:recyclerview-v7:27.0.2] AndroidManifest.xml:20:5-44
MERGED from [com.android.support:recyclerview-v7:27.0.2] AndroidManifest.xml:20:5-44
MERGED from [com.google.firebase:firebase-auth:12.0.0] AndroidManifest.xml:20:5-44
MERGED from [com.google.firebase:firebase-auth:12.0.0] AndroidManifest.xml:20:5-44
MERGED from [com.google.firebase:firebase-storage:12.0.0] AndroidManifest.xml:6:5-44
MERGED from [com.google.firebase:firebase-storage:12.0.0] AndroidManifest.xml:6:5-44
MERGED from [com.google.firebase:firebase-firestore:12.0.0] AndroidManifest.xml:6:5-44
MERGED from [com.google.firebase:firebase-firestore:12.0.0] AndroidManifest.xml:6:5-44
MERGED from [com.google.android.gms:play-services-auth:12.0.0] AndroidManifest.xml:20:5-44
MERGED from [com.google.android.gms:play-services-auth:12.0.0] AndroidManifest.xml:20:5-44
MERGED from [com.google.firebase:firebase-messaging:12.0.0] AndroidManifest.xml:20:5-44
MERGED from [com.google.firebase:firebase-messaging:12.0.0] AndroidManifest.xml:20:5-44
MERGED from [com.twitter.sdk.android:tweet-composer:3.1.1] AndroidManifest.xml:23:5-44
MERGED from [com.twitter.sdk.android:tweet-composer:3.1.1] AndroidManifest.xml:23:5-44
MERGED from [com.twitter.sdk.android:twitter-core:3.1.1] AndroidManifest.xml:23:5-44
MERGED from [com.twitter.sdk.android:twitter-core:3.1.1] AndroidManifest.xml:23:5-44
MERGED from [com.android.support.constraint:constraint-layout:1.1.0] AndroidManifest.xml:5:5-7:41
MERGED from [com.android.support.constraint:constraint-layout:1.1.0] AndroidManifest.xml:5:5-7:41
MERGED from [com.google.firebase:firebase-analytics:12.0.0] AndroidManifest.xml:20:5-44
MERGED from [com.google.firebase:firebase-analytics:12.0.0] AndroidManifest.xml:20:5-44
MERGED from [com.google.android.gms:play-services-auth-api-phone:12.0.0] AndroidManifest.xml:5:5-44
MERGED from [com.google.android.gms:play-services-auth-api-phone:12.0.0] AndroidManifest.xml:5:5-44
MERGED from [com.google.android.gms:play-services-auth-base:12.0.0] AndroidManifest.xml:5:5-44
MERGED from [com.google.android.gms:play-services-auth-base:12.0.0] AndroidManifest.xml:5:5-44
MERGED from [com.google.android.gms:play-services-base:12.0.0] AndroidManifest.xml:20:5-44
MERGED from [com.google.android.gms:play-services-base:12.0.0] AndroidManifest.xml:20:5-44
MERGED from [com.google.firebase:firebase-analytics-impl:12.0.0] AndroidManifest.xml:20:5-44
MERGED from [com.google.firebase:firebase-analytics-impl:12.0.0] AndroidManifest.xml:20:5-44
MERGED from [com.google.firebase:firebase-iid:12.0.0] AndroidManifest.xml:20:5-44
MERGED from [com.google.firebase:firebase-iid:12.0.0] AndroidManifest.xml:20:5-44
MERGED from [com.google.firebase:firebase-common:12.0.0] AndroidManifest.xml:5:5-44
MERGED from [com.google.firebase:firebase-common:12.0.0] AndroidManifest.xml:5:5-44
MERGED from [com.google.android.gms:play-services-tasks:12.0.0] AndroidManifest.xml:5:5-44
MERGED from [com.google.android.gms:play-services-tasks:12.0.0] AndroidManifest.xml:5:5-44
MERGED from [com.google.firebase:firebase-storage-common:12.0.0] AndroidManifest.xml:6:5-44
MERGED from [com.google.firebase:firebase-storage-common:12.0.0] AndroidManifest.xml:6:5-44
MERGED from [com.google.android.gms:play-services-basement:12.0.0] AndroidManifest.xml:20:5-44
MERGED from [com.google.android.gms:play-services-basement:12.0.0] AndroidManifest.xml:20:5-44
MERGED from [com.android.support:support-v4:27.0.2] AndroidManifest.xml:20:5-44
MERGED from [com.android.support:support-v4:27.0.2] AndroidManifest.xml:20:5-44
MERGED from [com.android.support:support-fragment:27.0.2] AndroidManifest.xml:20:5-44
MERGED from [com.android.support:support-fragment:27.0.2] AndroidManifest.xml:20:5-44
MERGED from [com.facebook.android:facebook-places:4.42.0] AndroidManifest.xml:24:5-26:41
MERGED from [com.facebook.android:facebook-places:4.42.0] AndroidManifest.xml:24:5-26:41
MERGED from [com.facebook.android:facebook-applinks:4.42.0] AndroidManifest.xml:24:5-26:41
MERGED from [com.facebook.android:facebook-applinks:4.42.0] AndroidManifest.xml:24:5-26:41
MERGED from [com.facebook.android:facebook-messenger:4.42.0] AndroidManifest.xml:24:5-26:41
MERGED from [com.facebook.android:facebook-messenger:4.42.0] AndroidManifest.xml:24:5-26:41
MERGED from [com.facebook.android:facebook-core:4.42.0] AndroidManifest.xml:24:5-26:41
MERGED from [com.facebook.android:facebook-core:4.42.0] AndroidManifest.xml:24:5-26:41
MERGED from [com.android.support:support-core-utils:27.0.2] AndroidManifest.xml:20:5-44
MERGED from [com.android.support:support-core-utils:27.0.2] AndroidManifest.xml:20:5-44
MERGED from [com.android.support:animated-vector-drawable:27.0.2] AndroidManifest.xml:20:5-44
MERGED from [com.android.support:animated-vector-drawable:27.0.2] AndroidManifest.xml:20:5-44
MERGED from [com.android.support:support-vector-drawable:27.0.2] AndroidManifest.xml:20:5-44
MERGED from [com.android.support:support-vector-drawable:27.0.2] AndroidManifest.xml:20:5-44
MERGED from [com.android.support:transition:27.0.2] AndroidManifest.xml:20:5-44
MERGED from [com.android.support:transition:27.0.2] AndroidManifest.xml:20:5-44
MERGED from [com.android.support:support-core-ui:27.0.2] AndroidManifest.xml:20:5-44
MERGED from [com.android.support:support-core-ui:27.0.2] AndroidManifest.xml:20:5-44
MERGED from [com.android.support:customtabs:27.0.2] AndroidManifest.xml:20:5-44
MERGED from [com.android.support:customtabs:27.0.2] AndroidManifest.xml:20:5-44
MERGED from [com.android.support:support-media-compat:27.0.2] AndroidManifest.xml:20:5-44
MERGED from [com.android.support:support-media-compat:27.0.2] AndroidManifest.xml:20:5-44
MERGED from [com.android.support:support-compat:27.0.2] AndroidManifest.xml:20:5-44
MERGED from [com.android.support:support-compat:27.0.2] AndroidManifest.xml:20:5-44
MERGED from [com.android.support:cardview-v7:27.0.2] AndroidManifest.xml:20:5-44
MERGED from [com.android.support:cardview-v7:27.0.2] AndroidManifest.xml:20:5-44
MERGED from [android.arch.lifecycle:runtime:1.0.3] AndroidManifest.xml:20:5-22:41
MERGED from [android.arch.lifecycle:runtime:1.0.3] AndroidManifest.xml:20:5-22:41
INJECTED from src\main\AndroidManifest.xml
INJECTED from src\main\AndroidManifest.xml
	android:targetSdkVersion
		INJECTED from src\main\AndroidManifest.xml
		ADDED from src\main\AndroidManifest.xml
		INJECTED from src\main\AndroidManifest.xml
	android:minSdkVersion
		INJECTED from src\main\AndroidManifest.xml
		ADDED from src\main\AndroidManifest.xml
		INJECTED from src\main\AndroidManifest.xml
activity#com.facebook.CustomTabMainActivity
ADDED from [com.facebook.android:facebook-common:4.42.0] AndroidManifest.xml:33:9-71
	android:name
		ADDED from [com.facebook.android:facebook-common:4.42.0] AndroidManifest.xml:33:19-68
activity#com.twitter.sdk.android.tweetui.PlayerActivity
ADDED from [com.twitter.sdk.android:tweet-ui:3.1.1] AndroidManifest.xml:28:9-31:49
	android:configChanges
		ADDED from [com.twitter.sdk.android:tweet-ui:3.1.1] AndroidManifest.xml:30:13-74
	android:theme
		ADDED from [com.twitter.sdk.android:tweet-ui:3.1.1] AndroidManifest.xml:31:13-46
	android:name
		ADDED from [com.twitter.sdk.android:tweet-ui:3.1.1] AndroidManifest.xml:29:13-74
activity#com.twitter.sdk.android.tweetui.GalleryActivity
ADDED from [com.twitter.sdk.android:tweet-ui:3.1.1] AndroidManifest.xml:32:9-34:49
	android:theme
		ADDED from [com.twitter.sdk.android:tweet-ui:3.1.1] AndroidManifest.xml:34:13-46
	android:name
		ADDED from [com.twitter.sdk.android:tweet-ui:3.1.1] AndroidManifest.xml:33:13-75
activity#com.google.firebase.auth.internal.FederatedSignInActivity
ADDED from [com.google.firebase:firebase-auth:12.0.0] AndroidManifest.xml:23:9-29:75
	android:excludeFromRecents
		ADDED from [com.google.firebase:firebase-auth:12.0.0] AndroidManifest.xml:25:13-46
	android:launchMode
		ADDED from [com.google.firebase:firebase-auth:12.0.0] AndroidManifest.xml:27:13-48
	android:exported
		ADDED from [com.google.firebase:firebase-auth:12.0.0] AndroidManifest.xml:26:13-36
	android:permission
		ADDED from [com.google.firebase:firebase-auth:12.0.0] AndroidManifest.xml:28:13-102
	android:theme
		ADDED from [com.google.firebase:firebase-auth:12.0.0] AndroidManifest.xml:29:13-72
	android:name
		ADDED from [com.google.firebase:firebase-auth:12.0.0] AndroidManifest.xml:24:13-85
activity#com.google.android.gms.auth.api.signin.internal.SignInHubActivity
ADDED from [com.google.android.gms:play-services-auth:12.0.0] AndroidManifest.xml:23:9-27:75
	android:excludeFromRecents
		ADDED from [com.google.android.gms:play-services-auth:12.0.0] AndroidManifest.xml:25:13-46
	android:exported
		ADDED from [com.google.android.gms:play-services-auth:12.0.0] AndroidManifest.xml:26:13-37
	android:theme
		ADDED from [com.google.android.gms:play-services-auth:12.0.0] AndroidManifest.xml:27:13-72
	android:name
		ADDED from [com.google.android.gms:play-services-auth:12.0.0] AndroidManifest.xml:24:13-93
service#com.google.android.gms.auth.api.signin.RevocationBoundService
ADDED from [com.google.android.gms:play-services-auth:12.0.0] AndroidManifest.xml:33:9-36:110
	android:exported
		ADDED from [com.google.android.gms:play-services-auth:12.0.0] AndroidManifest.xml:35:13-36
	android:permission
		ADDED from [com.google.android.gms:play-services-auth:12.0.0] AndroidManifest.xml:36:13-107
	android:name
		ADDED from [com.google.android.gms:play-services-auth:12.0.0] AndroidManifest.xml:34:13-89
service#com.google.firebase.messaging.FirebaseMessagingService